[2026-05-27 12:45:13] Test Error in C:\xampp\htdocs\basecode\public\index.php:15
[2026-05-27 12:45:51] Test Error in C:\xampp\htdocs\basecode\public\index.php:15
[2026-05-27 13:22:23] Undefined array key "DB_NAME" in C:\xampp\htdocs\basecode\src\Infrastructure\Database\Database.php:25
[2026-05-27 13:23:21] Undefined array key "DB_NAME" in C:\xampp\htdocs\basecode\src\Infrastructure\Database\Database.php:25
[2026-05-27 13:23:22] Undefined array key "DB_NAME" in C:\xampp\htdocs\basecode\src\Infrastructure\Database\Database.php:25
[2026-05-27 13:23:59] syntax error, unexpected token "public" in C:\xampp\htdocs\basecode\modules\User\Application\Services\UserService.php:78
[2026-05-27 13:28:25] Undefined array key "DB_NAME" in C:\xampp\htdocs\basecode\src\Infrastructure\Database\Database.php:25
[2026-05-27 13:28:58] Undefined array key "DB_NAME" in C:\xampp\htdocs\basecode\src\Infrastructure\Database\Database.php:25
[2026-05-27 13:29:14] Undefined array key "DB_NAME" in C:\xampp\htdocs\basecode\src\Infrastructure\Database\Database.php:25
[2026-05-27 13:31:52] Undefined array key "DB_NAME" in C:\xampp\htdocs\basecode\src\Infrastructure\Database\Database.php:25
[2026-05-27 13:37:04] Undefined array key "DB_NAME" in C:\xampp\htdocs\basecode\src\Infrastructure\Database\Database.php:25
[2026-05-27 13:37:09] Undefined array key "DB_NAME" in C:\xampp\htdocs\basecode\src\Infrastructure\Database\Database.php:25
[2026-05-27 13:37:41] Undefined array key "DB_NAME" in C:\xampp\htdocs\basecode\src\Infrastructure\Database\Database.php:25
[2026-05-27 13:38:04] Undefined array key "DB_NAME" in C:\xampp\htdocs\basecode\src\Infrastructure\Database\Database.php:25
[2026-05-27 13:38:05] Undefined array key "DB_NAME" in C:\xampp\htdocs\basecode\src\Infrastructure\Database\Database.php:25
[2026-05-27 13:38:05] Undefined array key "DB_NAME" in C:\xampp\htdocs\basecode\src\Infrastructure\Database\Database.php:25
[2026-05-27 13:38:06] Undefined array key "DB_NAME" in C:\xampp\htdocs\basecode\src\Infrastructure\Database\Database.php:25
[2026-05-27 13:44:09] Undefined array key "DB_NAME" in C:\xampp\htdocs\basecode\public\index.php:184
[2026-05-28 07:32:38] SQLSTATE[HY000] [2002] No connection could be made because the target machine actively refused it in C:\xampp\htdocs\basecode\src\Infrastructure\Database\Database.php:46
[2026-05-28 10:40:22] Class "Src\Presentation\Requests\FormRequest" not found in C:\xampp\htdocs\basecode\modules\User\Presentation\Requests\StoreUserRequest.php:7
[2026-05-28 10:40:48] Class "Src\Presentation\Requests\FormRequest" not found in C:\xampp\htdocs\basecode\modules\User\Presentation\Requests\StoreUserRequest.php:7
[2026-05-28 10:52:59] SQLSTATE[23000]: Integrity constraint violation: 1062 Duplicate entry 'johnx@ample.com' for key 'email' in C:\xampp\htdocs\basecode\modules\User\Infrastructure\Persistence\UserRepository.php:91
[2026-05-28 10:53:29] SQLSTATE[23000]: Integrity constraint violation: 1062 Duplicate entry 'johnx1@ample.com' for key 'email' in C:\xampp\htdocs\basecode\modules\User\Infrastructure\Persistence\UserRepository.php:91
